{"C:\\projects\\school_companion_app\\apps\\mobile\\src\\types.ts": {"path":"C:\\projects\\school_companion_app\\apps\\mobile\\src\\types.ts","statementMap":{},"fnMap":{},"branchMap":{},"s":{},"f":{},"b":{}}
,"C:\\projects\\school_companion_app\\apps\\mobile\\src\\capture\\session.ts": {"path":"C:\\projects\\school_companion_app\\apps\\mobile\\src\\capture\\session.ts","statementMap":{"0":{"start":{"line":21,"column":49},"end":{"line":21,"column":64}},"1":{"start":{"line":27,"column":2},"end":{"line":36,"column":3}},"2":{"start":{"line":29,"column":6},"end":{"line":29,"column":37}},"3":{"start":{"line":33,"column":6},"end":{"line":33,"column":33}},"4":{"start":{"line":35,"column":6},"end":{"line":35,"column":19}},"5":{"start":{"line":40,"column":2},"end":{"line":40,"column":30}}},"fnMap":{"0":{"name":"captureReducer","decl":{"start":{"line":23,"column":16},"end":{"line":23,"column":30}},"loc":{"start":{"line":26,"column":16},"end":{"line":37,"column":1}},"line":26},"1":{"name":"isPreviewing","decl":{"start":{"line":39,"column":16},"end":{"line":39,"column":28}},"loc":{"start":{"line":39,"column":59},"end":{"line":41,"column":1}},"line":39}},"branchMap":{"0":{"loc":{"start":{"line":27,"column":2},"end":{"line":36,"column":3}},"type":"switch","locations":[{"start":{"line":28,"column":4},"end":{"line":29,"column":37}},{"start":{"line":32,"column":4},"end":{"line":33,"column":33}},{"start":{"line":34,"column":4},"end":{"line":35,"column":19}}],"line":27}},"s":{"0":1,"1":11,"2":7,"3":4,"4":0,"5":3},"f":{"0":11,"1":3},"b":{"0":[7,4,0]},"_coverageSchema":"1a1c01bbd47fc00a2c39e90264f33305004495a9","hash":"5caaa94bb7c1f26272692d43b4987b3f63e0400c"}
,"C:\\projects\\school_companion_app\\apps\\mobile\\src\\constants\\subjects.ts": {"path":"C:\\projects\\school_companion_app\\apps\\mobile\\src\\constants\\subjects.ts","statementMap":{"0":{"start":{"line":12,"column":44},"end":{"line":23,"column":1}},"1":{"start":{"line":27,"column":2},"end":{"line":27,"column":61}},"2":{"start":{"line":27,"column":36},"end":{"line":27,"column":59}}},"fnMap":{"0":{"name":"findSubject","decl":{"start":{"line":26,"column":16},"end":{"line":26,"column":27}},"loc":{"start":{"line":26,"column":76},"end":{"line":28,"column":1}},"line":26},"1":{"name":"(anonymous_1)","decl":{"start":{"line":27,"column":23},"end":{"line":27,"column":24}},"loc":{"start":{"line":27,"column":36},"end":{"line":27,"column":59}},"line":27}},"branchMap":{},"s":{"0":1,"1":3,"2":22},"f":{"0":3,"1":22},"b":{},"_coverageSchema":"1a1c01bbd47fc00a2c39e90264f33305004495a9","hash":"51cf79a6b201a6d95fe02435f9cb1ad562cd182a"}
,"C:\\projects\\school_companion_app\\apps\\mobile\\src\\db\\materials.ts": {"path":"C:\\projects\\school_companion_app\\apps\\mobile\\src\\db\\materials.ts","statementMap":{"0":{"start":{"line":16,"column":42},"end":{"line":26,"column":1}},"1":{"start":{"line":28,"column":25},"end":{"line":28,"column":71}},"2":{"start":{"line":31,"column":2},"end":{"line":31,"column":49}},"3":{"start":{"line":38,"column":2},"end":{"line":47,"column":4}},"4":{"start":{"line":55,"column":2},"end":{"line":58,"column":4}}},"fnMap":{"0":{"name":"createMaterialsTable","decl":{"start":{"line":30,"column":22},"end":{"line":30,"column":42}},"loc":{"start":{"line":30,"column":81},"end":{"line":32,"column":1}},"line":30},"1":{"name":"insertMaterial","decl":{"start":{"line":34,"column":22},"end":{"line":34,"column":36}},"loc":{"start":{"line":37,"column":17},"end":{"line":48,"column":1}},"line":37},"2":{"name":"listBySubject","decl":{"start":{"line":51,"column":22},"end":{"line":51,"column":35}},"loc":{"start":{"line":54,"column":23},"end":{"line":59,"column":1}},"line":54}},"branchMap":{},"s":{"0":2,"1":2,"2":13,"3":14,"4":8},"f":{"0":13,"1":14,"2":8},"b":{},"_coverageSchema":"1a1c01bbd47fc00a2c39e90264f33305004495a9","hash":"c903a069703c49d6e6aae9757dcc894b4cfdebfd"}
,"C:\\projects\\school_companion_app\\apps\\mobile\\src\\db\\open.ts": {"path":"C:\\projects\\school_companion_app\\apps\\mobile\\src\\db\\open.ts","statementMap":{"0":{"start":{"line":5,"column":29},"end":{"line":5,"column":50}},"1":{"start":{"line":12,"column":2},"end":{"line":12,"column":12}},"2":{"start":{"line":17,"column":2},"end":{"line":17,"column":54}}},"fnMap":{"0":{"name":"asMaterialsDatabase","decl":{"start":{"line":11,"column":16},"end":{"line":11,"column":35}},"loc":{"start":{"line":11,"column":82},"end":{"line":13,"column":1}},"line":11},"1":{"name":"initializeDatabase","decl":{"start":{"line":16,"column":22},"end":{"line":16,"column":40}},"loc":{"start":{"line":16,"column":83},"end":{"line":18,"column":1}},"line":16}},"branchMap":{},"s":{"0":0,"1":0,"2":0},"f":{"0":0,"1":0},"b":{}}
,"C:\\projects\\school_companion_app\\apps\\mobile\\src\\materials\\save.ts": {"path":"C:\\projects\\school_companion_app\\apps\\mobile\\src\\materials\\save.ts","statementMap":{"0":{"start":{"line":26,"column":13},"end":{"line":26,"column":32}},"1":{"start":{"line":28,"column":18},"end":{"line":28,"column":57}},"2":{"start":{"line":30,"column":29},"end":{"line":36,"column":3}},"3":{"start":{"line":38,"column":2},"end":{"line":38,"column":37}},"4":{"start":{"line":40,"column":2},"end":{"line":40,"column":18}}},"fnMap":{"0":{"name":"saveCapture","decl":{"start":{"line":22,"column":22},"end":{"line":22,"column":33}},"loc":{"start":{"line":25,"column":21},"end":{"line":41,"column":1}},"line":25}},"branchMap":{},"s":{"0":5,"1":5,"2":4,"3":4,"4":4},"f":{"0":5},"b":{},"_coverageSchema":"1a1c01bbd47fc00a2c39e90264f33305004495a9","hash":"fe1e4dea9152199d71016d40ee9e14f6a90bc92d"}
,"C:\\projects\\school_companion_app\\apps\\mobile\\src\\photos\\store.ts": {"path":"C:\\projects\\school_companion_app\\apps\\mobile\\src\\photos\\store.ts","statementMap":{"0":{"start":{"line":5,"column":31},"end":{"line":5,"column":35}},"1":{"start":{"line":7,"column":34},"end":{"line":7,"column":37}},"2":{"start":{"line":9,"column":37},"end":{"line":9,"column":45}},"3":{"start":{"line":12,"column":2},"end":{"line":12,"column":62}},"4":{"start":{"line":20,"column":16},"end":{"line":22,"column":18}},"5":{"start":{"line":24,"column":17},"end":{"line":27,"column":4}},"6":{"start":{"line":29,"column":2},"end":{"line":29,"column":20}},"7":{"start":{"line":40,"column":24},"end":{"line":40,"column":54}},"8":{"start":{"line":42,"column":20},"end":{"line":42,"column":37}},"9":{"start":{"line":43,"column":2},"end":{"line":43,"column":62}},"10":{"start":{"line":45,"column":17},"end":{"line":45,"column":46}},"11":{"start":{"line":46,"column":2},"end":{"line":46,"column":45}},"12":{"start":{"line":48,"column":2},"end":{"line":48,"column":20}}},"fnMap":{"0":{"name":"photosDirectory","decl":{"start":{"line":11,"column":16},"end":{"line":11,"column":31}},"loc":{"start":{"line":11,"column":45},"end":{"line":13,"column":1}},"line":11},"1":{"name":"compressPhoto","decl":{"start":{"line":19,"column":22},"end":{"line":19,"column":35}},"loc":{"start":{"line":19,"column":72},"end":{"line":30,"column":1}},"line":19},"2":{"name":"savePhoto","decl":{"start":{"line":39,"column":22},"end":{"line":39,"column":31}},"loc":{"start":{"line":39,"column":86},"end":{"line":49,"column":1}},"line":39}},"branchMap":{},"s":{"0":1,"1":1,"2":1,"3":2,"4":3,"5":3,"6":3,"7":2,"8":2,"9":2,"10":2,"11":2,"12":1},"f":{"0":2,"1":3,"2":2},"b":{},"_coverageSchema":"1a1c01bbd47fc00a2c39e90264f33305004495a9","hash":"1f46dd52df008ebc2f1486a500d13c43aa9d6927"}
,"C:\\projects\\school_companion_app\\apps\\mobile\\src\\ui\\subject-list.tsx": {"path":"C:\\projects\\school_companion_app\\apps\\mobile\\src\\ui\\subject-list.tsx","statementMap":{"0":{"start":{"line":12,"column":2},"end":{"line":27,"column":4}},"1":{"start":{"line":15,"column":33},"end":{"line":15,"column":46}},"2":{"start":{"line":18,"column":8},"end":{"line":24,"column":20}},"3":{"start":{"line":20,"column":34},"end":{"line":20,"column":76}},"4":{"start":{"line":21,"column":25},"end":{"line":21,"column":39}},"5":{"start":{"line":30,"column":15},"end":{"line":49,"column":2}}},"fnMap":{"0":{"name":"SubjectList","decl":{"start":{"line":11,"column":16},"end":{"line":11,"column":27}},"loc":{"start":{"line":11,"column":49},"end":{"line":28,"column":1}},"line":11},"1":{"name":"(anonymous_1)","decl":{"start":{"line":15,"column":20},"end":{"line":15,"column":21}},"loc":{"start":{"line":15,"column":33},"end":{"line":15,"column":46}},"line":15},"2":{"name":"(anonymous_2)","decl":{"start":{"line":17,"column":18},"end":{"line":17,"column":19}},"loc":{"start":{"line":18,"column":8},"end":{"line":24,"column":20}},"line":18},"3":{"name":"(anonymous_3)","decl":{"start":{"line":20,"column":17},"end":{"line":20,"column":18}},"loc":{"start":{"line":20,"column":34},"end":{"line":20,"column":76}},"line":20},"4":{"name":"(anonymous_4)","decl":{"start":{"line":21,"column":19},"end":{"line":21,"column":20}},"loc":{"start":{"line":21,"column":25},"end":{"line":21,"column":39}},"line":21}},"branchMap":{"0":{"loc":{"start":{"line":20,"column":47},"end":{"line":20,"column":75}},"type":"binary-expr","locations":[{"start":{"line":20,"column":47},"end":{"line":20,"column":54}},{"start":{"line":20,"column":58},"end":{"line":20,"column":75}}],"line":20}},"s":{"0":0,"1":0,"2":0,"3":0,"4":0,"5":0},"f":{"0":0,"1":0,"2":0,"3":0,"4":0},"b":{"0":[0,0]}}
,"C:\\projects\\school_companion_app\\apps\\mobile\\src\\ui\\theme.ts": {"path":"C:\\projects\\school_companion_app\\apps\\mobile\\src\\ui\\theme.ts","statementMap":{"0":{"start":{"line":2,"column":21},"end":{"line":12,"column":10}}},"fnMap":{},"branchMap":{},"s":{"0":0},"f":{},"b":{}}
}
