TN:
SF:src\types.ts
FNF:0
FNH:0
LF:0
LH:0
BRF:0
BRH:0
end_of_record
TN:
SF:src\capture\session.ts
FN:23,captureReducer
FN:39,isPreviewing
FNF:2
FNH:2
FNDA:11,captureReducer
FNDA:3,isPreviewing
DA:21,1
DA:27,11
DA:29,7
DA:33,4
DA:35,0
DA:40,3
LF:6
LH:5
BRDA:27,0,0,7
BRDA:27,0,1,4
BRDA:27,0,2,0
BRF:3
BRH:2
end_of_record
TN:
SF:src\constants\subjects.ts
FN:26,findSubject
FN:27,(anonymous_1)
FNF:2
FNH:2
FNDA:3,findSubject
FNDA:22,(anonymous_1)
DA:12,1
DA:27,22
LF:2
LH:2
BRF:0
BRH:0
end_of_record
TN:
SF:src\db\materials.ts
FN:30,createMaterialsTable
FN:34,insertMaterial
FN:51,listBySubject
FNF:3
FNH:3
FNDA:13,createMaterialsTable
FNDA:14,insertMaterial
FNDA:8,listBySubject
DA:16,2
DA:28,2
DA:31,13
DA:38,14
DA:55,8
LF:5
LH:5
BRF:0
BRH:0
end_of_record
TN:
SF:src\db\open.ts
FN:11,asMaterialsDatabase
FN:16,initializeDatabase
FNF:2
FNH:0
FNDA:0,asMaterialsDatabase
FNDA:0,initializeDatabase
DA:5,0
DA:12,0
DA:17,0
LF:3
LH:0
BRF:0
BRH:0
end_of_record
TN:
SF:src\materials\save.ts
FN:22,saveCapture
FNF:1
FNH:1
FNDA:5,saveCapture
DA:26,5
DA:28,5
DA:30,4
DA:38,4
DA:40,4
LF:5
LH:5
BRF:0
BRH:0
end_of_record
TN:
SF:src\photos\store.ts
FN:11,photosDirectory
FN:19,compressPhoto
FN:39,savePhoto
FNF:3
FNH:3
FNDA:2,photosDirectory
FNDA:3,compressPhoto
FNDA:2,savePhoto
DA:5,1
DA:7,1
DA:9,1
DA:12,2
DA:20,3
DA:24,3
DA:29,3
DA:40,2
DA:42,2
DA:43,2
DA:45,2
DA:46,2
DA:48,1
LF:13
LH:13
BRF:0
BRH:0
end_of_record
TN:
SF:src\ui\subject-list.tsx
FN:11,SubjectList
FN:15,(anonymous_1)
FN:17,(anonymous_2)
FN:20,(anonymous_3)
FN:21,(anonymous_4)
FNF:5
FNH:0
FNDA:0,SubjectList
FNDA:0,(anonymous_1)
FNDA:0,(anonymous_2)
FNDA:0,(anonymous_3)
FNDA:0,(anonymous_4)
DA:12,0
DA:15,0
DA:18,0
DA:20,0
DA:21,0
DA:30,0
LF:6
LH:0
BRDA:20,0,0,0
BRDA:20,0,1,0
BRF:2
BRH:0
end_of_record
TN:
SF:src\ui\theme.ts
FNF:0
FNH:0
DA:2,0
LF:1
LH:0
BRF:0
BRH:0
end_of_record
